<?xml version="1.0" encoding="UTF-8"?>
<testsuite xmlns:xsi="http://www.w3.org/2001/XMLSchema-instance" xsi:noNamespaceSchemaLocation="https://maven.apache.org/surefire/maven-surefire-plugin/xsd/surefire-test-report.xsd" version="3.0.2" name="com.example.collegefreshmanhelper.CollegeFreshmanHelperApplicationTests" time="2.352" tests="2" errors="0" skipped="0" failures="0">
  <properties>
[...]
</properties>
  <testcase name="shouldSerializeLongIdsAsStrings" classname="com.example.collegefreshmanhelper.CollegeFreshmanHelperApplicationTests" time="0.062">
    <system-out><![CDATA[18:10:38.309 [main] INFO org.springframework.test.context.support.AnnotationConfigContextLoaderUtils -- Could not detect default configuration classes for test class [com.example.collegefreshmanhelper.CollegeFreshmanHelperApplicationTests]: CollegeFreshmanHelperApplicationTests does not declare any static, non-private, non-final, nested classes annotated with @Configuration.
18:10:38.381 [main] INFO org.springframework.boot.test.context.SpringBootTestContextBootstrapper -- Found @SpringBootConfiguration com.example.collegefreshmanhelper.CollegeFreshmanHelperApplication for test class com.example.collegefreshmanhelper.CollegeFreshmanHelperApplicationTests

  .   ____          _            __ _ _
 /\\ / ___'_ __ _ _(_)_ __  __ _ \ \ \ \
( ( )\___ | '_ | '_| | '_ \/ _` | \ \ \ \
 \\/  ___)| |_)| | | | | || (_| |  ) ) ) )
  '  |____| .__|_| |_|_| |_\__, | / / / /
 =========|_|==============|___/=/_/_/_/

 :: Spring Boot ::                (v3.4.0)

2026-04-27T18:10:38.599+08:00  INFO 30192 --- [college-freshman-helper] [           main] .c.CollegeFreshmanHelperApplicationTests : Starting CollegeFreshmanHelperApplicationTests using Java 25.0.2 with PID 30192 (started by xuan in /Users/xuan/IdeaProjects/CollegeFreshmanHelper)
2026-04-27T18:10:38.600+08:00  INFO 30192 --- [college-freshman-helper] [           main] .c.CollegeFreshmanHelperApplicationTests : The following 1 profile is active: "test"
2026-04-27T18:10:39.120+08:00  INFO 30192 --- [college-freshman-helper] [           main] .i.s.PathMatchingResourcePatternResolver : Skipping search for files matching pattern [**/*.class]: directory [/Users/xuan/IdeaProjects/CollegeFreshmanHelper/target/test-classes/com/example/collegefreshmanhelper/admin/mapper] does not exist
2026-04-27T18:10:39.121+08:00  INFO 30192 --- [college-freshman-helper] [           main] .i.s.PathMatchingResourcePatternResolver : Skipping search for files matching pattern [**/*.class]: directory [/Users/xuan/IdeaProjects/CollegeFreshmanHelper/target/test-classes/com/example/collegefreshmanhelper/user/mapper] does not exist
2026-04-27T18:10:39.122+08:00  INFO 30192 --- [college-freshman-helper] [           main] .i.s.PathMatchingResourcePatternResolver : Skipping search for files matching pattern [**/*.class]: directory [/Users/xuan/IdeaProjects/CollegeFreshmanHelper/target/test-classes/com/example/collegefreshmanhelper/forum/mapper] does not exist
____ ____    ___ ____ _  _ ____ _  _ 
[__  |__| __  |  |  | |_/  |___ |\ | 
___] |  |     |  |__| | \_ |___ | \| 
https://sa-token.cc (v1.44.0)
2026-04-27T18:10:40.396+08:00  INFO 30192 --- [college-freshman-helper] [           main] o.s.b.a.e.web.EndpointLinksResolver      : Exposing 2 endpoints beneath base path '/actuator'
2026-04-27T18:10:40.453+08:00  INFO 30192 --- [college-freshman-helper] [           main] .c.CollegeFreshmanHelperApplicationTests : Started CollegeFreshmanHelperApplicationTests in 2.006 seconds (process running for 2.53)
]]></system-out>
    <system-err><![CDATA[Mockito is currently self-attaching to enable the inline-mock-maker. This will no longer work in future releases of the JDK. Please add Mockito as an agent to your build what is described in Mockito's documentation: https://javadoc.io/doc/org.mockito/mockito-core/latest/org/mockito/Mockito.html#0.3
WARNING: A Java agent has been loaded dynamically (/Users/xuan/.m2/repository/net/bytebuddy/byte-buddy-agent/1.15.10/byte-buddy-agent-1.15.10.jar)
WARNING: If a serviceability tool is in use, please run with -XX:+EnableDynamicAgentLoading to hide this warning
WARNING: If a serviceability tool is not in use, please run with -Djdk.instrument.traceUsage for more information
WARNING: Dynamic loading of agents will be disallowed by default in a future release
]]></system-err>
  </testcase>
  <testcase name="contextLoads" classname="com.example.collegefreshmanhelper.CollegeFreshmanHelperApplicationTests" time="0.003"/>
</testsuite>